Starting project at /Users/minh/VSCode_Repo/Body Batteries/my-body-batteries-app
Starting Metro Bundler
Waiting on http://localhost:8083
Logs for your project will appear below.
Web Bundling failed 120ms index.js (1 module)
 ERROR  Error: Cannot find module 'babel-preset-expo'
Require stack:
- /Users/minh/VSCode_Repo/Body Batteries/my-body-batteries-app/node_modules/@babel/core/lib/config/files/plugins.js
- /Users/minh/VSCode_Repo/Body Batteries/my-body-batteries-app/node_modules/@babel/core/lib/config/files/index.js
- /Users/minh/VSCode_Repo/Body Batteries/my-body-batteries-app/node_modules/@babel/core/lib/index.js
- /Users/minh/VSCode_Repo/Body Batteries/my-body-batteries-app/node_modules/expo/node_modules/@expo/metro-config/build/transform-worker/metro-transform-worker.js
- /Users/minh/VSCode_Repo/Body Batteries/my-body-batteries-app/node_modules/expo/node_modules/@expo/metro-config/build/transform-worker/transform-worker.js
- /Users/minh/VSCode_Repo/Body Batteries/my-body-batteries-app/node_modules/@expo/metro/node_modules/metro/src/DeltaBundler/Worker.flow.js
- /Users/minh/VSCode_Repo/Body Batteries/my-body-batteries-app/node_modules/@expo/metro/node_modules/metro/src/DeltaBundler/Worker.js
- /Users/minh/VSCode_Repo/Body Batteries/my-body-batteries-app/node_modules/jest-worker/build/workers/processChild.js

Make sure that all the Babel plugins and presets you are using
are defined as dependencies or devDependencies in your package.json
file. It's possible that the missing plugin is loaded by a preset
you are using that forgot to add the plugin to its dependencies: you
can workaround this problem by explicitly adding the missing package
to your top-level package.json.

    at Module._resolveFilename (node:internal/modules/cjs/loader:1500:15)
    at wrapResolveFilename (node:internal/modules/cjs/loader:1071:27)
    at resolveForCJSWithHooks (node:internal/modules/cjs/loader:1116:12)
    at resolve (node:internal/modules/helpers:171:31)
    at tryRequireResolve (/Users/minh/VSCode_Repo/Body Batteries/my-body-batteries-app/node_modules/@babel/core/lib/config/files/plugins.js:128:11)
    at resolveStandardizedNameForRequire (/Users/minh/VSCode_Repo/Body Batteries/my-body-batteries-app/node_modules/@babel/core/lib/config/files/plugins.js:162:19)
    at resolveStandardizedName (/Users/minh/VSCode_Repo/Body Batteries/my-body-batteries-app/node_modules/@babel/core/lib/config/files/plugins.js:183:12)
    at loadPreset (/Users/minh/VSCode_Repo/Body Batteries/my-body-batteries-app/node_modules/@babel/core/lib/config/files/plugins.js:68:7)
    at loadPreset.next (<anonymous>)
    at createDescriptor (/Users/minh/VSCode_Repo/Body Batteries/my-body-batteries-app/node_modules/@babel/core/lib/config/config-descriptors.js:140:16)
    at createDescriptor.next (<anonymous>)
    at evaluateSync (/Users/minh/VSCode_Repo/Body Batteries/my-body-batteries-app/node_modules/gensync/index.js:251:28)
    at /Users/minh/VSCode_Repo/Body Batteries/my-body-batteries-app/node_modules/gensync/index.js:31:34
    at Array.map (<anonymous>)
    at gensync.sync (/Users/minh/VSCode_Repo/Body Batteries/my-body-batteries-app/node_modules/gensync/index.js:31:22)
    at gensync.all (/Users/minh/VSCode_Repo/Body Batteries/my-body-batteries-app/node_modules/gensync/index.js:210:24)
    at Generator.next (<anonymous>)
    at createDescriptors (/Users/minh/VSCode_Repo/Body Batteries/my-body-batteries-app/node_modules/@babel/core/lib/config/config-descriptors.js:102:41)
    at createDescriptors.next (<anonymous>)
    at createPresetDescriptors (/Users/minh/VSCode_Repo/Body Batteries/my-body-batteries-app/node_modules/@babel/core/lib/config/config-descriptors.js:96:17)
    at createPresetDescriptors.next (<anonymous>)
    at /Users/minh/VSCode_Repo/Body Batteries/my-body-batteries-app/node_modules/@babel/core/lib/gensync-utils/functional.js:22:27
    at Generator.next (<anonymous>)
    at mergeChainOpts (/Users/minh/VSCode_Repo/Body Batteries/my-body-batteries-app/node_modules/@babel/core/lib/config/config-chain.js:350:34)
    at mergeChainOpts.next (<anonymous>)
    at chainWalker (/Users/minh/VSCode_Repo/Body Batteries/my-body-batteries-app/node_modules/@babel/core/lib/config/config-chain.js:316:14)
    at chainWalker.next (<anonymous>)
    at loadFileChain (/Users/minh/VSCode_Repo/Body Batteries/my-body-batteries-app/node_modules/@babel/core/lib/config/config-chain.js:191:24)
    at loadFileChain.next (<anonymous>)
    at mergeExtendsChain (/Users/minh/VSCode_Repo/Body Batteries/my-body-batteries-app/node_modules/@babel/core/lib/config/config-chain.js:328:28)
    at mergeExtendsChain.next (<anonymous>)
    at chainWalker (/Users/minh/VSCode_Repo/Body Batteries/my-body-batteries-app/node_modules/@babel/core/lib/config/config-chain.js:312:20)
    at chainWalker.next (<anonymous>)
    at buildRootChain (/Users/minh/VSCode_Repo/Body Batteries/my-body-batteries-app/node_modules/@babel/core/lib/config/config-chain.js:56:36)
    at buildRootChain.next (<anonymous>)
    at loadPrivatePartialConfig (/Users/minh/VSCode_Repo/Body Batteries/my-body-batteries-app/node_modules/@babel/core/lib/config/partial.js:72:62)
    at loadPrivatePartialConfig.next (<anonymous>)
    at loadFullConfig (/Users/minh/VSCode_Repo/Body Batteries/my-body-batteries-app/node_modules/@babel/core/lib/config/full.js:36:46)
    at loadFullConfig.next (<anonymous>)
    at transform (/Users/minh/VSCode_Repo/Body Batteries/my-body-batteries-app/node_modules/@babel/core/lib/transform.js:20:44)
    at transform.next (<anonymous>)
    at evaluateSync (/Users/minh/VSCode_Repo/Body Batteries/my-body-batteries-app/node_modules/gensync/index.js:251:28)
    at sync (/Users/minh/VSCode_Repo/Body Batteries/my-body-batteries-app/node_modules/gensync/index.js:89:14)
    at stopHiding - secret - don't use this - v1 (/Users/minh/VSCode_Repo/Body Batteries/my-body-batteries-app/node_modules/@babel/core/lib/errors/rewrite-stack-trace.js:47:12)
    at Object.transformSync (/Users/minh/VSCode_Repo/Body Batteries/my-body-batteries-app/node_modules/@babel/core/lib/transform.js:40:76)
    at parseWithBabel (/Users/minh/VSCode_Repo/Body Batteries/my-body-batteries-app/node_modules/expo/node_modules/@expo/metro-config/build/transformSync.js:75:18)
    at transformSync (/Users/minh/VSCode_Repo/Body Batteries/my-body-batteries-app/node_modules/expo/node_modules/@expo/metro-config/build/transformSync.js:64:12)
    at Object.transform (/Users/minh/VSCode_Repo/Body Batteries/my-body-batteries-app/node_modules/expo/node_modules/@expo/metro-config/build/babel-transformer.js:127:58)
    at transformJSWithBabel (/Users/minh/VSCode_Repo/Body Batteries/my-body-batteries-app/node_modules/expo/node_modules/@expo/metro-config/build/transform-worker/metro-transform-worker.js:468:47)
Web ./index.js ░░░░░░░░░░░░░░░░  0.0% (0/1)
Web Bundling failed 4ms index.js (1 module)
 ERROR  Error: Cannot find module 'babel-preset-expo'
Require stack:
- /Users/minh/VSCode_Repo/Body Batteries/my-body-batteries-app/node_modules/@babel/core/lib/config/files/plugins.js
- /Users/minh/VSCode_Repo/Body Batteries/my-body-batteries-app/node_modules/@babel/core/lib/config/files/index.js
- /Users/minh/VSCode_Repo/Body Batteries/my-body-batteries-app/node_modules/@babel/core/lib/index.js
- /Users/minh/VSCode_Repo/Body Batteries/my-body-batteries-app/node_modules/expo/node_modules/@expo/metro-config/build/transform-worker/metro-transform-worker.js
- /Users/minh/VSCode_Repo/Body Batteries/my-body-batteries-app/node_modules/expo/node_modules/@expo/metro-config/build/transform-worker/transform-worker.js
- /Users/minh/VSCode_Repo/Body Batteries/my-body-batteries-app/node_modules/@expo/metro/node_modules/metro/src/DeltaBundler/Worker.flow.js
- /Users/minh/VSCode_Repo/Body Batteries/my-body-batteries-app/node_modules/@expo/metro/node_modules/metro/src/DeltaBundler/Worker.js
- /Users/minh/VSCode_Repo/Body Batteries/my-body-batteries-app/node_modules/jest-worker/build/workers/processChild.js

Make sure that all the Babel plugins and presets you are using
are defined as dependencies or devDependencies in your package.json
file. It's possible that the missing plugin is loaded by a preset
you are using that forgot to add the plugin to its dependencies: you
can workaround this problem by explicitly adding the missing package
to your top-level package.json.

    at Module._resolveFilename (node:internal/modules/cjs/loader:1500:15)
    at wrapResolveFilename (node:internal/modules/cjs/loader:1071:27)
    at resolveForCJSWithHooks (node:internal/modules/cjs/loader:1116:12)
    at resolve (node:internal/modules/helpers:171:31)
    at tryRequireResolve (/Users/minh/VSCode_Repo/Body Batteries/my-body-batteries-app/node_modules/@babel/core/lib/config/files/plugins.js:128:11)
    at resolveStandardizedNameForRequire (/Users/minh/VSCode_Repo/Body Batteries/my-body-batteries-app/node_modules/@babel/core/lib/config/files/plugins.js:162:19)
    at resolveStandardizedName (/Users/minh/VSCode_Repo/Body Batteries/my-body-batteries-app/node_modules/@babel/core/lib/config/files/plugins.js:183:12)
    at loadPreset (/Users/minh/VSCode_Repo/Body Batteries/my-body-batteries-app/node_modules/@babel/core/lib/config/files/plugins.js:68:7)
    at loadPreset.next (<anonymous>)
    at createDescriptor (/Users/minh/VSCode_Repo/Body Batteries/my-body-batteries-app/node_modules/@babel/core/lib/config/config-descriptors.js:140:16)
    at createDescriptor.next (<anonymous>)
    at evaluateSync (/Users/minh/VSCode_Repo/Body Batteries/my-body-batteries-app/node_modules/gensync/index.js:251:28)
    at /Users/minh/VSCode_Repo/Body Batteries/my-body-batteries-app/node_modules/gensync/index.js:31:34
    at Array.map (<anonymous>)
    at gensync.sync (/Users/minh/VSCode_Repo/Body Batteries/my-body-batteries-app/node_modules/gensync/index.js:31:22)
    at gensync.all (/Users/minh/VSCode_Repo/Body Batteries/my-body-batteries-app/node_modules/gensync/index.js:210:24)
    at Generator.next (<anonymous>)
    at createDescriptors (/Users/minh/VSCode_Repo/Body Batteries/my-body-batteries-app/node_modules/@babel/core/lib/config/config-descriptors.js:102:41)
    at createDescriptors.next (<anonymous>)
    at createPresetDescriptors (/Users/minh/VSCode_Repo/Body Batteries/my-body-batteries-app/node_modules/@babel/core/lib/config/config-descriptors.js:96:17)
    at createPresetDescriptors.next (<anonymous>)
    at /Users/minh/VSCode_Repo/Body Batteries/my-body-batteries-app/node_modules/@babel/core/lib/gensync-utils/functional.js:22:27
    at Generator.next (<anonymous>)
    at mergeChainOpts (/Users/minh/VSCode_Repo/Body Batteries/my-body-batteries-app/node_modules/@babel/core/lib/config/config-chain.js:350:34)
    at mergeChainOpts.next (<anonymous>)
    at chainWalker (/Users/minh/VSCode_Repo/Body Batteries/my-body-batteries-app/node_modules/@babel/core/lib/config/config-chain.js:316:14)
    at chainWalker.next (<anonymous>)
    at loadFileChain (/Users/minh/VSCode_Repo/Body Batteries/my-body-batteries-app/node_modules/@babel/core/lib/config/config-chain.js:191:24)
    at loadFileChain.next (<anonymous>)
    at mergeExtendsChain (/Users/minh/VSCode_Repo/Body Batteries/my-body-batteries-app/node_modules/@babel/core/lib/config/config-chain.js:328:28)
    at mergeExtendsChain.next (<anonymous>)
    at chainWalker (/Users/minh/VSCode_Repo/Body Batteries/my-body-batteries-app/node_modules/@babel/core/lib/config/config-chain.js:312:20)
    at chainWalker.next (<anonymous>)
    at buildRootChain (/Users/minh/VSCode_Repo/Body Batteries/my-body-batteries-app/node_modules/@babel/core/lib/config/config-chain.js:56:36)
    at buildRootChain.next (<anonymous>)
    at loadPrivatePartialConfig (/Users/minh/VSCode_Repo/Body Batteries/my-body-batteries-app/node_modules/@babel/core/lib/config/partial.js:72:62)
    at loadPrivatePartialConfig.next (<anonymous>)
    at loadFullConfig (/Users/minh/VSCode_Repo/Body Batteries/my-body-batteries-app/node_modules/@babel/core/lib/config/full.js:36:46)
    at loadFullConfig.next (<anonymous>)
    at transform (/Users/minh/VSCode_Repo/Body Batteries/my-body-batteries-app/node_modules/@babel/core/lib/transform.js:20:44)
    at transform.next (<anonymous>)
    at evaluateSync (/Users/minh/VSCode_Repo/Body Batteries/my-body-batteries-app/node_modules/gensync/index.js:251:28)
    at sync (/Users/minh/VSCode_Repo/Body Batteries/my-body-batteries-app/node_modules/gensync/index.js:89:14)
    at stopHiding - secret - don't use this - v1 (/Users/minh/VSCode_Repo/Body Batteries/my-body-batteries-app/node_modules/@babel/core/lib/errors/rewrite-stack-trace.js:47:12)
    at Object.transformSync (/Users/minh/VSCode_Repo/Body Batteries/my-body-batteries-app/node_modules/@babel/core/lib/transform.js:40:76)
    at parseWithBabel (/Users/minh/VSCode_Repo/Body Batteries/my-body-batteries-app/node_modules/expo/node_modules/@expo/metro-config/build/transformSync.js:75:18)
    at transformSync (/Users/minh/VSCode_Repo/Body Batteries/my-body-batteries-app/node_modules/expo/node_modules/@expo/metro-config/build/transformSync.js:64:12)
    at Object.transform (/Users/minh/VSCode_Repo/Body Batteries/my-body-batteries-app/node_modules/expo/node_modules/@expo/metro-config/build/babel-transformer.js:127:58)
    at transformJSWithBabel (/Users/minh/VSCode_Repo/Body Batteries/my-body-batteries-app/node_modules/expo/node_modules/@expo/metro-config/build/transform-worker/metro-transform-worker.js:468:47)
