Starting project at /Users/minh/VSCode_Repo/Body Batteries/my-body-batteries-app
Starting Metro Bundler
warning: Bundler cache is empty, rebuilding (this may take a minute)
Waiting on http://localhost:8084
Logs for your project will appear below.
Web Bundling failed 248ms index.js (1 module)
Unable to resolve "expo" from "index.js"
[0m[31m[1m>[22m[39m[90m 1 |[39m [36mimport[39m { registerRootComponent } [36mfrom[39m [32m'expo'[39m[33m;[39m
 [90m   |[39m                                        [31m[1m^[22m[39m
 [90m 2 |[39m [36mimport[39m [33mApp[39m [36mfrom[39m [32m'./App'[39m[33m;[39m
 [90m 3 |[39m
 [90m 4 |[39m registerRootComponent([33mApp[39m)[33m;[39m[0m

Import stack:

 index.js
 | import "expo"

 
 | import "./index"

Web ./index.js ░░░░░░░░░░░░░░░░  0.0% (0/1)
Web Bundling failed 40ms index.js (1 module)
Unable to resolve "expo" from "index.js"
[0m[31m[1m>[22m[39m[90m 1 |[39m [36mimport[39m { registerRootComponent } [36mfrom[39m [32m'expo'[39m[33m;[39m
 [90m   |[39m                                        [31m[1m^[22m[39m
 [90m 2 |[39m [36mimport[39m [33mApp[39m [36mfrom[39m [32m'./App'[39m[33m;[39m
 [90m 3 |[39m
 [90m 4 |[39m registerRootComponent([33mApp[39m)[33m;[39m[0m

Import stack:

 index.js
 | import "expo"

 
 | import "./index"

